0 info it worked if it ends with ok
1 verbose cli [ 'C:\\Program Files\\nodejs\\node.exe',
1 verbose cli   'C:\\Users\\nmead\\AppData\\Roaming\\npm\\node_modules\\npm\\bin\\npm-cli.js',
1 verbose cli   'install',
1 verbose cli   'gitpair' ]
2 info using npm@4.0.5
3 info using node@v6.9.2
4 silly loadCurrentTree Starting
5 silly install loadCurrentTree
6 silly install readLocalPackageData
7 silly fetchPackageMetaData gitpair
8 silly fetchNamedPackageData gitpair
9 silly mapToRegistry name gitpair
10 silly mapToRegistry using default registry
11 silly mapToRegistry registry https://registry.npmjs.org/
12 silly mapToRegistry data Result {
12 silly mapToRegistry   raw: 'gitpair',
12 silly mapToRegistry   scope: null,
12 silly mapToRegistry   escapedName: 'gitpair',
12 silly mapToRegistry   name: 'gitpair',
12 silly mapToRegistry   rawSpec: '',
12 silly mapToRegistry   spec: 'latest',
12 silly mapToRegistry   type: 'tag' }
13 silly mapToRegistry uri https://registry.npmjs.org/gitpair
14 verbose request uri https://registry.npmjs.org/gitpair
15 verbose request no auth needed
16 info attempt registry request try #1 at 12:39:03 PM
17 verbose request id ecd85dd324eebf24
18 http request GET https://registry.npmjs.org/gitpair
19 http 200 https://registry.npmjs.org/gitpair
20 verbose headers { server: 'nginx/1.10.1',
20 verbose headers   'content-type': 'application/json',
20 verbose headers   'last-modified': 'Fri, 09 Jun 2017 11:38:13 GMT',
20 verbose headers   etag: 'W/"593a88a5-2fc2"',
20 verbose headers   'content-encoding': 'gzip',
20 verbose headers   'cache-control': 'max-age=300',
20 verbose headers   'content-length': '2909',
20 verbose headers   'accept-ranges': 'bytes',
20 verbose headers   date: 'Sat, 08 Jul 2017 19:39:04 GMT',
20 verbose headers   via: '1.1 varnish',
20 verbose headers   age: '0',
20 verbose headers   connection: 'keep-alive',
20 verbose headers   'x-served-by': 'cache-sea1050-SEA',
20 verbose headers   'x-cache': 'MISS',
20 verbose headers   'x-cache-hits': '0',
20 verbose headers   'x-timer': 'S1499542744.999863,VS0,VE69',
20 verbose headers   vary: 'Accept-Encoding, Accept' }
21 silly get cb [ 200,
21 silly get   { server: 'nginx/1.10.1',
21 silly get     'content-type': 'application/json',
21 silly get     'last-modified': 'Fri, 09 Jun 2017 11:38:13 GMT',
21 silly get     etag: 'W/"593a88a5-2fc2"',
21 silly get     'content-encoding': 'gzip',
21 silly get     'cache-control': 'max-age=300',
21 silly get     'content-length': '2909',
21 silly get     'accept-ranges': 'bytes',
21 silly get     date: 'Sat, 08 Jul 2017 19:39:04 GMT',
21 silly get     via: '1.1 varnish',
21 silly get     age: '0',
21 silly get     connection: 'keep-alive',
21 silly get     'x-served-by': 'cache-sea1050-SEA',
21 silly get     'x-cache': 'MISS',
21 silly get     'x-cache-hits': '0',
21 silly get     'x-timer': 'S1499542744.999863,VS0,VE69',
21 silly get     vary: 'Accept-Encoding, Accept' } ]
22 verbose get saving gitpair to C:\Users\nmead\AppData\Roaming\npm-cache\registry.npmjs.org\gitpair\.cache.json
23 verbose correctMkdir C:\Users\nmead\AppData\Roaming\npm-cache correctMkdir not in flight; initializing
24 silly install normalizeTree
25 silly loadCurrentTree Finishing
26 silly loadIdealTree Starting
27 silly install loadIdealTree
28 silly cloneCurrentTree Starting
29 silly install cloneCurrentTreeToIdealTree
30 silly cloneCurrentTree Finishing
31 silly loadShrinkwrap Starting
32 silly install loadShrinkwrap
33 silly loadShrinkwrap Finishing
34 silly loadAllDepsIntoIdealTree Starting
35 silly install loadAllDepsIntoIdealTree
36 silly resolveWithNewModule gitpair@0.0.7 checking installable status
37 silly cache add args [ 'gitpair', null ]
38 verbose cache add spec gitpair
39 silly cache add parsed spec Result {
39 silly cache add   raw: 'gitpair',
39 silly cache add   scope: null,
39 silly cache add   escapedName: 'gitpair',
39 silly cache add   name: 'gitpair',
39 silly cache add   rawSpec: '',
39 silly cache add   spec: 'latest',
39 silly cache add   type: 'tag' }
40 silly addNamed gitpair@latest
41 verbose addNamed "latest" is being treated as a dist-tag for gitpair
42 info addNameTag [ 'gitpair', 'latest' ]
43 silly mapToRegistry name gitpair
44 silly mapToRegistry using default registry
45 silly mapToRegistry registry https://registry.npmjs.org/
46 silly mapToRegistry data Result {
46 silly mapToRegistry   raw: 'gitpair',
46 silly mapToRegistry   scope: null,
46 silly mapToRegistry   escapedName: 'gitpair',
46 silly mapToRegistry   name: 'gitpair',
46 silly mapToRegistry   rawSpec: '',
46 silly mapToRegistry   spec: 'latest',
46 silly mapToRegistry   type: 'tag' }
47 silly mapToRegistry uri https://registry.npmjs.org/gitpair
48 verbose addNameTag registry:https://registry.npmjs.org/gitpair not in flight; fetching
49 verbose get https://registry.npmjs.org/gitpair not expired, no request
50 silly addNameTag next cb for gitpair with tag latest
51 silly addNamed gitpair@0.0.7
52 verbose addNamed "0.0.7" is a plain semver version for gitpair
53 silly mapToRegistry name gitpair
54 silly mapToRegistry using default registry
55 silly mapToRegistry registry https://registry.npmjs.org/
56 silly mapToRegistry data Result {
56 silly mapToRegistry   raw: 'gitpair',
56 silly mapToRegistry   scope: null,
56 silly mapToRegistry   escapedName: 'gitpair',
56 silly mapToRegistry   name: 'gitpair',
56 silly mapToRegistry   rawSpec: '',
56 silly mapToRegistry   spec: 'latest',
56 silly mapToRegistry   type: 'tag' }
57 silly mapToRegistry uri https://registry.npmjs.org/gitpair
58 verbose addRemoteTarball https://registry.npmjs.org/gitpair/-/gitpair-0.0.7.tgz not in flight; adding
59 verbose addRemoteTarball [ 'https://registry.npmjs.org/gitpair/-/gitpair-0.0.7.tgz',
59 verbose addRemoteTarball   '374f8c8ec5a71bfbacb091164e9eb3206ee566ab' ]
60 info retry fetch attempt 1 at 12:39:03 PM
61 info attempt registry request try #1 at 12:39:03 PM
62 http fetch GET https://registry.npmjs.org/gitpair/-/gitpair-0.0.7.tgz
63 http fetch 200 https://registry.npmjs.org/gitpair/-/gitpair-0.0.7.tgz
64 silly fetchAndShaCheck shasum 374f8c8ec5a71bfbacb091164e9eb3206ee566ab
65 verbose addTmpTarball C:\Users\nmead\AppData\Local\Temp\npm-16332-fa5ed525\registry.npmjs.org\gitpair\-\gitpair-0.0.7.tgz not in flight; adding
66 verbose addTmpTarball already have metadata; skipping unpack for gitpair@0.0.7
67 verbose correctMkdir C:\Users\nmead\AppData\Roaming\npm-cache correctMkdir not in flight; initializing
68 silly cache afterAdd gitpair@0.0.7
69 verbose afterAdd C:\Users\nmead\AppData\Roaming\npm-cache\gitpair\0.0.7\package\package.json not in flight; writing
70 verbose correctMkdir C:\Users\nmead\AppData\Roaming\npm-cache correctMkdir not in flight; initializing
71 verbose afterAdd C:\Users\nmead\AppData\Roaming\npm-cache\gitpair\0.0.7\package\package.json written
72 silly loadAllDepsIntoIdealTree Finishing
73 silly loadIdealTree Finishing
74 silly currentTree apps@0.0.0
75 silly idealTree apps@0.0.0
75 silly idealTree `-- gitpair@0.0.7
76 silly generateActionsToTake Starting
77 silly install generateActionsToTake
78 silly generateActionsToTake Finishing
79 silly diffTrees action count 1
80 silly diffTrees add gitpair@0.0.7
81 silly decomposeActions action count 8
82 silly decomposeActions fetch gitpair@0.0.7
83 silly decomposeActions extract gitpair@0.0.7
84 silly decomposeActions test gitpair@0.0.7
85 silly decomposeActions preinstall gitpair@0.0.7
86 silly decomposeActions build gitpair@0.0.7
87 silly decomposeActions install gitpair@0.0.7
88 silly decomposeActions postinstall gitpair@0.0.7
89 silly decomposeActions finalize gitpair@0.0.7
90 silly runTopLevelLifecycles Starting
91 silly executeActions Starting
92 silly install executeActions
93 silly doSerial global-install 0
94 silly doParallel fetch 1
95 verbose correctMkdir C:\Users\nmead\AppData\Roaming\npm-cache\_locks correctMkdir not in flight; initializing
96 verbose lock using C:\Users\nmead\AppData\Roaming\npm-cache\_locks\staging-691188cd930e8f24.lock for C:\Users\nmead\desktop\apps\node_modules\.staging
97 silly doParallel extract 1
98 silly extract gitpair@0.0.7
99 verbose unbuild node_modules\.staging\gitpair-8d0732c7
100 silly gentlyRm C:\Users\nmead\desktop\apps\node_modules\.staging\gitpair-8d0732c7 is being purged from base C:\Users\nmead\desktop\apps
101 verbose gentlyRm don't care about contents; nuking C:\Users\nmead\desktop\apps\node_modules\.staging\gitpair-8d0732c7
102 verbose tar unpack C:\Users\nmead\AppData\Roaming\npm-cache\gitpair\0.0.7\package.tgz
103 verbose tar unpacking to C:\Users\nmead\desktop\apps\node_modules\.staging\gitpair-8d0732c7
104 silly gentlyRm C:\Users\nmead\desktop\apps\node_modules\.staging\gitpair-8d0732c7 is being purged
105 verbose gentlyRm don't care about contents; nuking C:\Users\nmead\desktop\apps\node_modules\.staging\gitpair-8d0732c7
106 silly gunzTarPerm modes [ '777', '666' ]
107 silly gunzTarPerm extractEntry package.json
108 silly gunzTarPerm modified mode [ 'package.json', 420, 438 ]
109 silly gunzTarPerm extractEntry .npmignore
110 silly gunzTarPerm modified mode [ '.npmignore', 420, 438 ]
111 silly gunzTarPerm extractEntry README.md
112 silly gunzTarPerm modified mode [ 'README.md', 420, 438 ]
113 silly gunzTarPerm extractEntry docs/after-gitpair.png
114 silly gunzTarPerm modified mode [ 'docs/after-gitpair.png', 420, 438 ]
115 silly gunzTarPerm extractEntry docs/before-gitpair.png
116 silly gunzTarPerm modified mode [ 'docs/before-gitpair.png', 420, 438 ]
117 silly gunzTarPerm extractEntry hooks/post-commit
118 silly gunzTarPerm modified mode [ 'hooks/post-commit', 420, 438 ]
119 silly gunzTarPerm extractEntry lib/index.js
120 silly gunzTarPerm modified mode [ 'lib/index.js', 493, 511 ]
121 silly gunzTarPerm extractEntry scripts/install.js
122 silly gunzTarPerm modified mode [ 'scripts/install.js', 420, 438 ]
123 silly gentlyRm C:\Users\nmead\desktop\apps\node_modules\.staging\gitpair-8d0732c7\node_modules is being purged
124 verbose gentlyRm don't care about contents; nuking C:\Users\nmead\desktop\apps\node_modules\.staging\gitpair-8d0732c7\node_modules
125 silly doParallel preinstall 1
126 silly preinstall gitpair@0.0.7
127 info lifecycle gitpair@0.0.7~preinstall: gitpair@0.0.7
128 silly lifecycle gitpair@0.0.7~preinstall: no script for preinstall, continuing
129 silly doReverseSerial remove 0
130 silly doSerial move 0
131 silly doSerial finalize 1
132 silly finalize C:\Users\nmead\desktop\apps\node_modules\gitpair
133 silly doSerial build 1
134 silly build gitpair@0.0.7
135 info linkStuff gitpair@0.0.7
136 silly linkStuff gitpair@0.0.7 has C:\Users\nmead\desktop\apps\node_modules as its parent node_modules
137 verbose linkBins gitpair@0.0.7
138 verbose linkMans gitpair@0.0.7
139 silly doSerial global-link 0
140 silly doParallel update-linked 0
141 silly doSerial install 1
142 silly install gitpair@0.0.7
143 info lifecycle gitpair@0.0.7~install: gitpair@0.0.7
144 silly lifecycle gitpair@0.0.7~install: no script for install, continuing
145 silly doSerial postinstall 1
146 silly postinstall gitpair@0.0.7
147 info lifecycle gitpair@0.0.7~postinstall: gitpair@0.0.7
148 verbose lifecycle gitpair@0.0.7~postinstall: unsafe-perm in lifecycle true
149 verbose lifecycle gitpair@0.0.7~postinstall: PATH: C:\Users\nmead\AppData\Roaming\npm\node_modules\npm\bin\node-gyp-bin;C:\Users\nmead\desktop\apps\node_modules\gitpair\node_modules\.bin;C:\Users\nmead\desktop\apps\node_modules\.bin;C:\Program Files (x86)\Intel\iCLS Client\;C:\Program Files\Intel\iCLS Client\;C:\Windows\system32;C:\Windows;C:\Windows\System32\Wbem;C:\Windows\System32\WindowsPowerShell\v1.0\;C:\Program Files (x86)\Intel\Intel(R) Management Engine Components\DAL;C:\Program Files\Intel\Intel(R) Management Engine Components\DAL;C:\Program Files (x86)\Intel\Intel(R) Management Engine Components\IPT;C:\Program Files\Intel\Intel(R) Management Engine Components\IPT;C:\Program Files (x86)\Mono\bin\;C:\Program Files (x86)\Windows Kits\10\Windows Performance Toolkit\;C:\Program Files\Microsoft SQL Server\110\Tools\Binn\;C:\Program Files\nodejs\;C:\Program Files (x86)\Microsoft SQL Server\110\Tools\Binn\;C:\Program Files (x86)\Microsoft SQL Server\Client SDK\ODBC\130\Tools\Binn\;C:\Program Files (x86)\Microsoft SQL Server\130\Tools\Binn\;C:\Program Files (x86)\Microsoft SQL Server\130\DTS\Binn\;C:\Program Files (x86)\Microsoft SQL Server\130\Tools\Binn\ManagementStudio\;C:\Program Files (x86)\Microsoft SQL Server\Client SDK\ODBC\110\Tools\Bin;C:\Program Files\Git\cmd;C:\Program Files\Microsoft SQL Server\130\Tools\Binn\;C:\Program Files (x86)\Microsoft SQL Server\120\DTS\Binn\;C:\Program Files\dotnet\;C:\Program Files\Microsoft DNX\Dnvm\;C:\Users\nmead\.dnx\runtimes\dnx-clr-win-x86.1.0.0-rc1-update2\bin;C:\Users\nmead\AppData\Local\Microsoft\WindowsApps;C:\Users\nmead\AppData\Roaming\npm;C:\Users\nmead\AppData\Local\atom\bin;C:\Program Files (x86)\Microsoft SQL Server\Client SDK\ODBC\110\Tools\Bin
150 verbose lifecycle gitpair@0.0.7~postinstall: CWD: C:\Users\nmead\desktop\apps\node_modules\gitpair
151 silly lifecycle gitpair@0.0.7~postinstall: Args: [ '/d /s /c', 'node scripts/install.js' ]
152 silly lifecycle gitpair@0.0.7~postinstall: Returned: code: 1  signal: null
153 info lifecycle gitpair@0.0.7~postinstall: Failed to exec postinstall script
154 verbose unlock done using C:\Users\nmead\AppData\Roaming\npm-cache\_locks\staging-691188cd930e8f24.lock for C:\Users\nmead\desktop\apps\node_modules\.staging
155 silly rollbackFailedOptional Starting
156 silly gentlyRm C:\Users\nmead\desktop\apps\node_modules\gitpair is being purged from base C:\Users\nmead\desktop\apps
157 verbose gentlyRm don't care about contents; nuking C:\Users\nmead\desktop\apps\node_modules\gitpair
158 silly gentlyRm C:\Users\nmead\desktop\apps\node_modules\gitpair is being purged from base C:\Users\nmead\desktop\apps
159 verbose gentlyRm don't care about contents; nuking C:\Users\nmead\desktop\apps\node_modules\gitpair
160 silly gentlyRm C:\Users\nmead\desktop\apps\node_modules\gitpair is being purged from base C:\Users\nmead\desktop\apps
161 verbose gentlyRm don't care about contents; nuking C:\Users\nmead\desktop\apps\node_modules\gitpair
162 silly gentlyRm C:\Users\nmead\desktop\apps\node_modules\gitpair is being purged from base C:\Users\nmead\desktop\apps
163 verbose gentlyRm don't care about contents; nuking C:\Users\nmead\desktop\apps\node_modules\gitpair
164 silly gentlyRm C:\Users\nmead\desktop\apps\node_modules\gitpair is being purged from base C:\Users\nmead\desktop\apps
165 verbose gentlyRm don't care about contents; nuking C:\Users\nmead\desktop\apps\node_modules\gitpair
166 silly gentlyRm C:\Users\nmead\desktop\apps\node_modules\gitpair is being purged from base C:\Users\nmead\desktop\apps
167 verbose gentlyRm don't care about contents; nuking C:\Users\nmead\desktop\apps\node_modules\gitpair
168 silly gentlyRm C:\Users\nmead\desktop\apps\node_modules\gitpair is being purged from base C:\Users\nmead\desktop\apps
169 verbose gentlyRm don't care about contents; nuking C:\Users\nmead\desktop\apps\node_modules\gitpair
170 silly gentlyRm C:\Users\nmead\desktop\apps\node_modules\gitpair is being purged from base C:\Users\nmead\desktop\apps
171 verbose gentlyRm don't care about contents; nuking C:\Users\nmead\desktop\apps\node_modules\gitpair
172 silly vacuum-fs purging C:\Users\nmead\desktop\apps\node_modules\gitpair
173 silly vacuum-fs purging C:\Users\nmead\desktop\apps\node_modules\gitpair
174 silly vacuum-fs purging C:\Users\nmead\desktop\apps\node_modules\gitpair
175 silly vacuum-fs purging C:\Users\nmead\desktop\apps\node_modules\gitpair
176 silly vacuum-fs purging C:\Users\nmead\desktop\apps\node_modules\gitpair
177 silly vacuum-fs purging C:\Users\nmead\desktop\apps\node_modules\gitpair
178 silly vacuum-fs purging C:\Users\nmead\desktop\apps\node_modules\gitpair
179 silly vacuum-fs purging C:\Users\nmead\desktop\apps\node_modules\gitpair
180 silly vacuum-fs quitting because other entries in C:\Users\nmead\desktop\apps\node_modules
181 silly vacuum-fs quitting because other entries in C:\Users\nmead\desktop\apps\node_modules
182 silly vacuum-fs quitting because other entries in C:\Users\nmead\desktop\apps\node_modules
183 silly vacuum-fs quitting because other entries in C:\Users\nmead\desktop\apps\node_modules
184 silly vacuum-fs quitting because other entries in C:\Users\nmead\desktop\apps\node_modules
185 silly vacuum-fs quitting because other entries in C:\Users\nmead\desktop\apps\node_modules
186 silly vacuum-fs quitting because other entries in C:\Users\nmead\desktop\apps\node_modules
187 silly vacuum-fs quitting because other entries in C:\Users\nmead\desktop\apps\node_modules
188 silly rollbackFailedOptional Finishing
189 silly runTopLevelLifecycles Finishing
190 silly install printInstalled
191 warn apps@0.0.0 No description
192 verbose If you need help, you may report this error at:
192 verbose     <https://github.com/npm/npm/issues>
193 warn apps@0.0.0 No repository field.
194 verbose If you need help, you may report this error at:
194 verbose     <https://github.com/npm/npm/issues>
195 warn apps@0.0.0 No license field.
196 verbose If you need help, you may report this error at:
196 verbose     <https://github.com/npm/npm/issues>
197 verbose stack Error: gitpair@0.0.7 postinstall: `node scripts/install.js`
197 verbose stack Exit status 1
197 verbose stack     at EventEmitter.<anonymous> (C:\Users\nmead\AppData\Roaming\npm\node_modules\npm\lib\utils\lifecycle.js:279:16)
197 verbose stack     at emitTwo (events.js:106:13)
197 verbose stack     at EventEmitter.emit (events.js:191:7)
197 verbose stack     at ChildProcess.<anonymous> (C:\Users\nmead\AppData\Roaming\npm\node_modules\npm\lib\utils\spawn.js:40:14)
197 verbose stack     at emitTwo (events.js:106:13)
197 verbose stack     at ChildProcess.emit (events.js:191:7)
197 verbose stack     at maybeClose (internal/child_process.js:877:16)
197 verbose stack     at Process.ChildProcess._handle.onexit (internal/child_process.js:226:5)
198 verbose pkgid gitpair@0.0.7
199 verbose cwd C:\Users\nmead\desktop\apps\Simon
200 error Windows_NT 10.0.14393
201 error argv "C:\\Program Files\\nodejs\\node.exe" "C:\\Users\\nmead\\AppData\\Roaming\\npm\\node_modules\\npm\\bin\\npm-cli.js" "install" "gitpair"
202 error node v6.9.2
203 error npm  v4.0.5
204 error code ELIFECYCLE
205 error gitpair@0.0.7 postinstall: `node scripts/install.js`
205 error Exit status 1
206 error Failed at the gitpair@0.0.7 postinstall script 'node scripts/install.js'.
206 error Make sure you have the latest version of node.js and npm installed.
206 error If you do, this is most likely a problem with the gitpair package,
206 error not with npm itself.
206 error Tell the author that this fails on your system:
206 error     node scripts/install.js
206 error You can get information on how to open an issue for this project with:
206 error     npm bugs gitpair
206 error Or if that isn't available, you can get their info via:
206 error     npm owner ls gitpair
206 error There is likely additional logging output above.
207 verbose exit [ 1, true ]
